[ 2016-04-05T13:31:02+08:00 ] ::1 /tp3/
INFO: [ app_init ] --START--
INFO: Run Behavior\BuildLiteBehavior [ RunTime:0.000022s ]
INFO: [ app_init ] --END-- [ RunTime:0.000605s ]
INFO: [ app_begin ] --START--
INFO: Run Behavior\ReadHtmlCacheBehavior [ RunTime:0.000740s ]
INFO: [ app_begin ] --END-- [ RunTime:0.000836s ]

[ 2016-04-05T13:31:23+08:00 ] ::1 /tp3/index.php
INFO: [ app_init ] --START--
INFO: Run Behavior\BuildLiteBehavior [ RunTime:0.000036s ]
INFO: [ app_init ] --END-- [ RunTime:0.000897s ]
INFO: [ app_begin ] --START--
INFO: Run Behavior\ReadHtmlCacheBehavior [ RunTime:0.001166s ]
INFO: [ app_begin ] --END-- [ RunTime:0.001364s ]

[ 2016-04-05T13:32:47+08:00 ] ::1 /tp3/
INFO: [ app_init ] --START--
INFO: Run Behavior\BuildLiteBehavior [ RunTime:0.000073s ]
INFO: [ app_init ] --END-- [ RunTime:0.001172s ]
INFO: [ app_begin ] --START--
INFO: Run Behavior\ReadHtmlCacheBehavior [ RunTime:0.000827s ]
INFO: [ app_begin ] --END-- [ RunTime:0.000972s ]

[ 2016-04-05T13:33:13+08:00 ] ::1 /tp3/home/User/login
INFO: [ app_init ] --START--
INFO: Run Behavior\BuildLiteBehavior [ RunTime:0.000026s ]
INFO: [ app_init ] --END-- [ RunTime:0.000658s ]
INFO: [ app_begin ] --START--
INFO: Run Behavior\ReadHtmlCacheBehavior [ RunTime:0.000872s ]
INFO: [ app_begin ] --END-- [ RunTime:0.000989s ]
INFO: [ view_parse ] --START--
INFO: [ template_filter ] --START--
INFO: Run Behavior\ContentReplaceBehavior [ RunTime:0.000063s ]
INFO: [ template_filter ] --END-- [ RunTime:0.000179s ]
NOTIC: [8] Undefined variable: username D:\wamp\www\tp3\Application\Runtime\Cache\Home\5c9ee6d19cd41add49f97afe3aef0b25.php 第 21 行.
INFO: Run Behavior\ParseTemplateBehavior [ RunTime:0.015919s ]
INFO: [ view_parse ] --END-- [ RunTime:0.016031s ]
INFO: [ view_filter ] --START--
INFO: Run Behavior\WriteHtmlCacheBehavior [ RunTime:0.007781s ]
INFO: [ view_filter ] --END-- [ RunTime:0.007891s ]
INFO: [ app_end ] --START--
INFO: Run Behavior\ShowPageTraceBehavior [ RunTime:0.001543s ]
INFO: [ app_end ] --END-- [ RunTime:0.001700s ]

[ 2016-04-05T13:33:23+08:00 ] ::1 /tp3/
INFO: [ app_init ] --START--
INFO: Run Behavior\BuildLiteBehavior [ RunTime:0.000026s ]
INFO: [ app_init ] --END-- [ RunTime:0.000638s ]
INFO: [ app_begin ] --START--
INFO: Run Behavior\ReadHtmlCacheBehavior [ RunTime:0.001026s ]
INFO: [ app_begin ] --END-- [ RunTime:0.001191s ]

[ 2016-04-05T13:34:32+08:00 ] ::1 /tp3/
INFO: [ app_init ] --START--
INFO: Run Behavior\BuildLiteBehavior [ RunTime:0.000046s ]
INFO: [ app_init ] --END-- [ RunTime:0.000961s ]
INFO: [ app_begin ] --START--
INFO: Run Behavior\ReadHtmlCacheBehavior [ RunTime:0.000658s ]
INFO: [ app_begin ] --END-- [ RunTime:0.000780s ]

[ 2016-04-05T13:34:32+08:00 ] ::1 /tp3/home/User/login
INFO: [ app_init ] --START--
INFO: Run Behavior\BuildLiteBehavior [ RunTime:0.000037s ]
INFO: [ app_init ] --END-- [ RunTime:0.000854s ]
INFO: [ app_begin ] --START--
INFO: Run Behavior\ReadHtmlCacheBehavior [ RunTime:0.000726s ]
INFO: [ app_begin ] --END-- [ RunTime:0.000835s ]
INFO: [ view_parse ] --START--
INFO: [ template_filter ] --START--
INFO: Run Behavior\ContentReplaceBehavior [ RunTime:0.000065s ]
INFO: [ template_filter ] --END-- [ RunTime:0.000172s ]
NOTIC: [8] Undefined variable: username D:\wamp\www\tp3\Application\Runtime\Cache\Home\5c9ee6d19cd41add49f97afe3aef0b25.php 第 21 行.
INFO: Run Behavior\ParseTemplateBehavior [ RunTime:0.008206s ]
INFO: [ view_parse ] --END-- [ RunTime:0.008303s ]
INFO: [ view_filter ] --START--
INFO: Run Behavior\WriteHtmlCacheBehavior [ RunTime:0.000633s ]
INFO: [ view_filter ] --END-- [ RunTime:0.000718s ]
INFO: [ app_end ] --START--
INFO: Run Behavior\ShowPageTraceBehavior [ RunTime:0.000899s ]
INFO: [ app_end ] --END-- [ RunTime:0.000990s ]

[ 2016-04-05T13:35:36+08:00 ] ::1 /tp3/home/post
INFO: [ app_init ] --START--
INFO: Run Behavior\BuildLiteBehavior [ RunTime:0.000023s ]
INFO: [ app_init ] --END-- [ RunTime:0.000661s ]
INFO: [ app_begin ] --START--
INFO: Run Behavior\ReadHtmlCacheBehavior [ RunTime:0.000867s ]
INFO: [ app_begin ] --END-- [ RunTime:0.000969s ]

[ 2016-04-05T13:35:36+08:00 ] ::1 /tp3/home/User/login
INFO: [ app_init ] --START--
INFO: Run Behavior\BuildLiteBehavior [ RunTime:0.000024s ]
INFO: [ app_init ] --END-- [ RunTime:0.000577s ]
INFO: [ app_begin ] --START--
INFO: Run Behavior\ReadHtmlCacheBehavior [ RunTime:0.000632s ]
INFO: [ app_begin ] --END-- [ RunTime:0.000734s ]
INFO: [ view_parse ] --START--
INFO: [ template_filter ] --START--
INFO: Run Behavior\ContentReplaceBehavior [ RunTime:0.000074s ]
INFO: [ template_filter ] --END-- [ RunTime:0.000197s ]
NOTIC: [8] Undefined variable: username D:\wamp\www\tp3\Application\Runtime\Cache\Home\5c9ee6d19cd41add49f97afe3aef0b25.php 第 21 行.
INFO: Run Behavior\ParseTemplateBehavior [ RunTime:0.008985s ]
INFO: [ view_parse ] --END-- [ RunTime:0.009084s ]
INFO: [ view_filter ] --START--
INFO: Run Behavior\WriteHtmlCacheBehavior [ RunTime:0.000630s ]
INFO: [ view_filter ] --END-- [ RunTime:0.000720s ]
INFO: [ app_end ] --START--
INFO: Run Behavior\ShowPageTraceBehavior [ RunTime:0.000877s ]
INFO: [ app_end ] --END-- [ RunTime:0.000974s ]

[ 2016-04-05T13:35:50+08:00 ] ::1 /tp3/home/User/loginact
INFO: [ app_init ] --START--
INFO: Run Behavior\BuildLiteBehavior [ RunTime:0.000045s ]
INFO: [ app_init ] --END-- [ RunTime:0.000945s ]
INFO: [ app_begin ] --START--
INFO: Run Behavior\ReadHtmlCacheBehavior [ RunTime:0.001122s ]
INFO: [ app_begin ] --END-- [ RunTime:0.001322s ]
SQL: SHOW COLUMNS FROM `user` [ RunTime:0.0470s ]
SQL: SELECT `userid` FROM `user` WHERE `username` = 'test4' AND `passwd` = '73882ab1fa529d7273da0db6b49cc4f3'  [ RunTime:0.0005s ]
SQL: UPDATE `user` SET `lastlogin`='1459834550' WHERE `username` = 'test4' [ RunTime:0.0007s ]

[ 2016-04-05T13:35:51+08:00 ] ::1 /tp3/home/
INFO: [ app_init ] --START--
INFO: Run Behavior\BuildLiteBehavior [ RunTime:0.000023s ]
INFO: [ app_init ] --END-- [ RunTime:0.000552s ]
INFO: [ app_begin ] --START--
INFO: Run Behavior\ReadHtmlCacheBehavior [ RunTime:0.000672s ]
INFO: [ app_begin ] --END-- [ RunTime:0.000780s ]
SQL: SELECT COUNT(*) AS tp_count FROM `post` LIMIT 1   [ RunTime:0.0029s ]
SQL: SELECT * FROM `post` ORDER BY posttime desc LIMIT 0,6   [ RunTime:0.0014s ]
NOTIC: [8] Use of undefined constant index - assumed 'index' D:\wamp\www\tp3\Application\Home\Controller\IndexController.class.php 第 62 行.
INFO: [ view_parse ] --START--
INFO: [ template_filter ] --START--
INFO: Run Behavior\ContentReplaceBehavior [ RunTime:0.000204s ]
INFO: [ template_filter ] --END-- [ RunTime:0.000527s ]
INFO: Run Behavior\ParseTemplateBehavior [ RunTime:0.040443s ]
INFO: [ view_parse ] --END-- [ RunTime:0.040661s ]
INFO: [ view_filter ] --START--
INFO: Run Behavior\WriteHtmlCacheBehavior [ RunTime:0.000651s ]
INFO: [ view_filter ] --END-- [ RunTime:0.000736s ]
INFO: [ app_end ] --START--
INFO: Run Behavior\ShowPageTraceBehavior [ RunTime:0.000806s ]
INFO: [ app_end ] --END-- [ RunTime:0.000895s ]

