[ 2017-08-28T10:15:59+08:00 ] ::1 /tp3/index
ERR: 无法加载模块:Index

[ 2017-08-28T10:25:39+08:00 ] ::1 /tp3/login
ERR: 无法加载模块:Login

[ 2017-08-28T10:26:02+08:00 ] ::1 /tp3/login/index
ERR: 无法加载模块:Login

[ 2017-08-28T10:26:24+08:00 ] ::1 /tp3/login/index
ERR: 无法加载模块:Login

[ 2017-08-28T10:26:25+08:00 ] ::1 /tp3/login/index
ERR: 无法加载模块:Login

[ 2017-08-28T10:26:50+08:00 ] ::1 /tp3/login/index
ERR: 无法加载模块:Login

[ 2017-08-28T10:44:50+08:00 ] ::1 /tp3/yz.php/Login/index
INFO: [ app_init ] --START--
INFO: Run Behavior\BuildLiteBehavior [ RunTime:0.000000s ]
INFO: [ app_init ] --END-- [ RunTime:0.001000s ]
ERR: 无法加载模块:Login

[ 2017-08-28T10:44:56+08:00 ] ::1 /tp3/yz.php/Login/index
INFO: [ app_init ] --START--
INFO: Run Behavior\BuildLiteBehavior [ RunTime:0.000000s ]
INFO: [ app_init ] --END-- [ RunTime:0.001000s ]
ERR: 无法加载模块:Login

[ 2017-08-28T10:44:56+08:00 ] ::1 /tp3/yz.php/Login/index
INFO: [ app_init ] --START--
INFO: Run Behavior\BuildLiteBehavior [ RunTime:0.000000s ]
INFO: [ app_init ] --END-- [ RunTime:0.001000s ]
ERR: 无法加载模块:Login

[ 2017-08-28T10:44:57+08:00 ] ::1 /tp3/yz.php/Login/index
INFO: [ app_init ] --START--
INFO: Run Behavior\BuildLiteBehavior [ RunTime:0.000000s ]
INFO: [ app_init ] --END-- [ RunTime:0.000000s ]
ERR: 无法加载模块:Login

[ 2017-08-28T10:44:57+08:00 ] ::1 /tp3/yz.php/Login/index
INFO: [ app_init ] --START--
INFO: Run Behavior\BuildLiteBehavior [ RunTime:0.000000s ]
INFO: [ app_init ] --END-- [ RunTime:0.000000s ]
ERR: 无法加载模块:Login

[ 2017-08-28T10:44:57+08:00 ] ::1 /tp3/yz.php/Login/index
INFO: [ app_init ] --START--
INFO: Run Behavior\BuildLiteBehavior [ RunTime:0.000000s ]
INFO: [ app_init ] --END-- [ RunTime:0.000000s ]
ERR: 无法加载模块:Login

